[08-May-2024 10:59:09 Europe/Berlin] PHP Fatal error:  Uncaught Error: Class "Db" not found in C:\xampp\htdocs\mobisense\login.php:14
Stack trace:
#0 {main}
  thrown in C:\xampp\htdocs\mobisense\login.php on line 14
[08-May-2024 13:28:12 Europe/Berlin] PHP Fatal error:  Uncaught Error: Class "Db" not found in C:\xampp\htdocs\mobisense\login.php:15
Stack trace:
#0 {main}
  thrown in C:\xampp\htdocs\mobisense\login.php on line 15
[08-May-2024 13:28:33 Europe/Berlin] PHP Fatal error:  Uncaught Error: Class "Db" not found in C:\xampp\htdocs\mobisense\login.php:15
Stack trace:
#0 {main}
  thrown in C:\xampp\htdocs\mobisense\login.php on line 15
[08-May-2024 13:28:44 Europe/Berlin] PHP Fatal error:  Uncaught Error: Class "Db" not found in C:\xampp\htdocs\mobisense\login.php:15
Stack trace:
#0 {main}
  thrown in C:\xampp\htdocs\mobisense\login.php on line 15
[08-May-2024 13:29:18 Europe/Berlin] PHP Fatal error:  Uncaught Error: Class "User" not found in C:\xampp\htdocs\mobisense\login.php:16
Stack trace:
#0 {main}
  thrown in C:\xampp\htdocs\mobisense\login.php on line 16
[08-May-2024 13:32:38 Europe/Berlin] PHP Fatal error:  Uncaught Error: Class "User" not found in C:\xampp\htdocs\mobisense\login.php:16
Stack trace:
#0 {main}
  thrown in C:\xampp\htdocs\mobisense\login.php on line 16
[08-May-2024 13:32:44 Europe/Berlin] PHP Fatal error:  Uncaught Error: Class "User" not found in C:\xampp\htdocs\mobisense\login.php:16
Stack trace:
#0 {main}
  thrown in C:\xampp\htdocs\mobisense\login.php on line 16
